<?xml version="1.0" encoding="UTF-8"?>
<!-- Generated by org.testng.reporters.JUnitReportReporter -->
<testsuite hostname="MyNew" name="tests.login_page.LoginPageTest" tests="5" failures="0" timestamp="21 Dec 2016 13:23:34 GMT" time="45.589" errors="0">
  <testcase name="testLoginWithIncorrectData" time="5.600" classname="tests.login_page.LoginPageTest"/>
  <testcase name="testLoginWithCorrectData" time="27.323" classname="tests.login_page.LoginPageTest"/>
  <testcase name="testLoginWithEmptyFields" time="3.366" classname="tests.login_page.LoginPageTest"/>
  <testcase name="testLoginWithEmptyFields" time="3.999" classname="tests.login_page.LoginPageTest"/>
  <testcase name="testLoginWithIncorrectData" time="5.301" classname="tests.login_page.LoginPageTest"/>
</testsuite> <!-- tests.login_page.LoginPageTest -->
