<?xml version="1.0" encoding="UTF-8"?>
<!-- Generated by org.testng.reporters.JUnitReportReporter -->
<testsuite hostname="MyNew" name="tests.home_page.HomePageTest" tests="5" failures="0" timestamp="21 Dec 2016 13:23:34 GMT" time="116.681" errors="0">
  <testcase name="testAddingCommentToFile" time="11.822" classname="tests.home_page.HomePageTest"/>
  <testcase name="testPresenceOfOfFileSharingFolder" time="7.218" classname="tests.home_page.HomePageTest"/>
  <testcase name="testLogoutButton" time="9.104" classname="tests.home_page.HomePageTest"/>
  <testcase name="testCreatingNewFolder" time="28.763" classname="tests.home_page.HomePageTest"/>
  <testcase name="deleteAllFoldersExclusivelyFileSharing" time="59.774" classname="tests.home_page.HomePageTest"/>
</testsuite> <!-- tests.home_page.HomePageTest -->
